[0m[[0m[0mdebug[0m] [0m[0m> Exec(run -m /Users/zhangyifan/Desktop/mount, None, None)[0m
[0m[[0m[0mdebug[0m] [0m[0mEvaluating tasks: Compile / run[0m
[0m[[0m[0mdebug[0m] [0m[0mRunning task... Cancel: Signal, check cycles: false, forcegc: true[0m
[0m[[0m[0minfo[0m] [0m[0mcompiling 4 Scala sources to /Users/zhangyifan/github/hailstorm/target/scala-2.12/classes ...[0m
[0m[[0m[33mwarn[0m] [0m[0m/Users/zhangyifan/github/hailstorm/src/main/scala/ch/epfl/labos/hailstorm/Config.scala:26:27: Unused import[0m
[0m[[0m[33mwarn[0m] [0m[0mimport org.rogach.scallop._ //remove if log of config is not needed. (Ziwen)[0m
[0m[[0m[33mwarn[0m] [0m[0m                          ^[0m
[0m[[0m[33mwarn[0m] [0m[0m/Users/zhangyifan/github/hailstorm/src/main/scala/ch/epfl/labos/hailstorm/HailstormFS.scala:448:14: a pure expression does nothing in statement position[0m
[0m[[0m[33mwarn[0m] [0m[0m      return children[0m
[0m[[0m[33mwarn[0m] [0m[0m             ^[0m
[0m[[0m[33mwarn[0m] [0m[0m/Users/zhangyifan/github/hailstorm/src/main/scala/ch/epfl/labos/hailstorm/HailstormFS.scala:448:7: enclosing method getChildren has result type Unit: return value discarded[0m
[0m[[0m[33mwarn[0m] [0m[0m      return children[0m
[0m[[0m[33mwarn[0m] [0m[0m      ^[0m
[0m[[0m[33mwarn[0m] [0m[0m/Users/zhangyifan/github/hailstorm/src/main/scala/ch/epfl/labos/hailstorm/backend/HailstormBackend.scala:87:9: local var config in method startNewNode is never updated: consider using immutable val[0m
[0m[[0m[33mwarn[0m] [0m[0m    var config = {[0m
[0m[[0m[33mwarn[0m] [0m[0m        ^[0m
[0m[[0m[33mwarn[0m] [0m[0mfour warnings found[0m
[0m[[0m[0minfo[0m] [0m[0mdone compiling[0m
[0m[[0m[31merror[0m] [0m[0mNonzero exit code returned from runner: 1[0m
[0m[[0m[31merror[0m] [0m[0m(Compile / [31mrun[0m) Nonzero exit code returned from runner: 1[0m
[0m[[0m[31merror[0m] [0m[0mTotal time: 8 s, completed Apr. 4, 2021, 11:34:13 a.m.[0m
[0m[[0m[0mdebug[0m] [0m[0m> Exec(idea-shell, None, None)[0m
